<?xml version="1.0" encoding="UTF-8"?>
<Site BuildName="Linux-g++"
	BuildStamp="20211020-1418-Experimental"
	Name="fedora"
	Generator="ctest-3.20.5"
	CompilerName="g++"
	CompilerVersion="11.2.1"
	OSName="Linux"
	Hostname="fedora"
	OSRelease="5.13.19-200.fc34.x86_64"
	OSVersion="#1 SMP Sat Sep 18 16:32:24 UTC 2021"
	OSPlatform="x86_64"
	Is64Bits="1"
	VendorString="GenuineIntel"
	VendorID="Intel Corporation"
	FamilyID="6"
	ModelID="142"
	ProcessorCacheSize="6144"
	NumberOfLogicalCPU="8"
	NumberOfPhysicalCPU="4"
	TotalVirtualMemory="8191"
	TotalPhysicalMemory="15610"
	LogicalProcessorsPerPhysical="2"
	ProcessorClockFrequency="2492.01"
	>
	<Testing>
		<StartDateTime>Oct 20 17:18 MSK</StartDateTime>
		<StartTestTime>1634739499</StartTestTime>
		<TestList/>
		<EndDateTime>Oct 20 17:18 MSK</EndDateTime>
		<EndTestTime>1634739499</EndTestTime>
		<ElapsedMinutes>0</ElapsedMinutes>
	</Testing>
</Site>
